C51 COMPILER V9.60.0.0   MAIN                                                              11/17/2022 20:20:38 PAGE 1   


C51 COMPILER V9.60.0.0, COMPILATION OF MODULE MAIN
OBJECT MODULE PLACED IN .\Objects\main.obj
COMPILER INVOKED BY: D:\Download\keil\C51\BIN\C51.EXE main.c OPTIMIZE(8,SPEED) BROWSE DEBUG OBJECTEXTEND PRINT(.\Listing
                    -s\main.lst) OBJECT(.\Objects\main.obj)

line level    source

   1          #include<reg52.h>
   2          #include<intrins.h>
   3          
   4          #define uchar unsigned char 
   5          #define uint unsigned int
   6          sbit BEEP=P1^0; //定义喇叭输出端口
   7          uchar tick,tl,th; //定义节拍和TO初值变量
   8          
   9          
  10          uchar TABLE[]={ //音符节拍码表
  11                  0x82, 0x01, 0x81, 0x94, 0x84, 0xB4, 0xA4, 0x04,
  12                  0x82, 0x01, 0x81, 0x94, 0x84, 0xC4, 0xB4, 0x04,
  13                  0x82, 0x01, 0x81, 0xF4, 0xD4, 0xB4, 0xA4, 0x94,
  14                  0xE2, 0x01, 0xE1, 0xD4, 0xB4, 0xC4, 0xB4, 0x04,
  15                  0x82, 0x01, 0x81, 0x94, 0x84, 0xB4, 0xA4, 0x04,
  16                  0x82, 0x01, 0x81, 0x94, 0x84, 0xC4, 0xB4, 0x04,
  17                  0x82, 0x01, 0x81, 0xF4, 0xD4, 0xB4, 0xA4,0x94,
  18                  0xE2, 0x01, 0xE1, 0xD4, 0xB4, 0xC4, 0xB4, 0x04,
  19                  0x00};
  20          
  21          
  22          uchar TABLE1[]={ //音符对应的定时器初值表
  23                  0xfb, 0x04, 0xfb, 0x90, 0xfc, 0x09, 0xfc,0x44,
  24                  0xfc, 0xac, 0xfd, 0x09, 0xfd, 0x34,0xfd, 0x82,
  25                  0xfd, 0xc8, 0xfe, 0x06, 0xfe, 0x22,0xfe, 0x56,
  26                  0xfe, 0x85, 0xfe, 0x9a, 0xfe, 0xc1};
  27          
  28          /*TO中断服务函数*/
  29          timer0 ()interrupt 1 using 1{  //重装定时初值
  30   1              TL0=tl; TH0=th;
  31   1              BEEP=~ BEEP;    //喇叭输出端口电平取反
  32   1      }
  33          
  34          
  35          void delay1 () {
  36   1              uint i;
  37   1              for(i=0;i<20000;i++);
  38   1      }
  39          
  40          void delay(tt) {
  41   1              uchar i;
  42   1              for(i=0;i<=tt;i++) 
  43   1              delay1();
  44   1      }
  45          
  46          
  47          void main(){
  48   1              uchar t,t1,k=0; //定义临时变量
  49   1              while(1) {
  50   2                      TMOD=0x01; IE=0x82; //定义T0工作方式，开中断
  51   2                      while (TABLE[k]!=0) { //判断取得的音符节拍码是否为结束码
  52   3                              tick= (TABLE[k]) &0x0f; //不是，则取节拍码0[81-8阅)
  53   3                              t=(_crol_(TABLE[k],4))&0x0f;  //取音符码
  54   3                              if(t!=0){ //判断取得的音符码是否为0
C51 COMPILER V9.60.0.0   MAIN                                                              11/17/2022 20:20:38 PAGE 2   

  55   4                                      t1=--t*2+1; //不是，则根据取得的音符码计算TO初值
  56   4                                      t=t*2;
  57   4                                      tl=TL0=TABLE1[t1];
  58   4                                      th=TH0=TABLE1[t];
  59   4                                      TR0=1; //启动T0
  60   4                              }
  61   3                              else TR0=0; //取得的音符码为0,则停止TO 
  62   3                              delay(tick); //根据则取得的节拍码延时
  63   3                              k++;
  64   3                      }
  65   2                      TR0=0; //取得结束码，则停止TO
  66   2              }
  67   1      }
  68          
  69           
  70          
  71          
  72          
  73          
  74          
  75          
  76          
  77          
  78          
  79          
  80          


MODULE INFORMATION:   STATIC OVERLAYABLE
   CODE SIZE        =    136    ----
   CONSTANT SIZE    =   ----    ----
   XDATA SIZE       =   ----    ----
   PDATA SIZE       =   ----    ----
   DATA SIZE        =     98    ----
   IDATA SIZE       =   ----    ----
   BIT SIZE         =   ----    ----
END OF MODULE INFORMATION.


C51 COMPILATION COMPLETE.  0 WARNING(S),  0 ERROR(S)
