C51 COMPILER V9.60.0.0   LCD1602                                                           11/30/2022 11:23:58 PAGE 1   


C51 COMPILER V9.60.0.0, COMPILATION OF MODULE LCD1602
OBJECT MODULE PLACED IN .\Objects\LCD1602.obj
COMPILER INVOKED BY: D:\Download\keil\C51\BIN\C51.EXE LCD1602.c OPTIMIZE(8,SPEED) BROWSE DEBUG OBJECTEXTEND PRINT(.\List
                    -ings\LCD1602.lst) OBJECT(.\Objects\LCD1602.obj)

line level    source

   1          #include <REGX52.H>
   2          
   3          //引脚配置：
   4          sbit LCD_RS=P2^6;
   5          sbit LCD_RW=P2^5;
   6          sbit LCD_EN=P2^7;
   7          #define LCD_DataPort P0
   8          
   9          
  10          void LCD_Delay()
  11          {
  12   1              unsigned char i, j;
  13   1      
  14   1              i = 2;
  15   1              j = 239;
  16   1              do
  17   1              {
  18   2                      while (--j);
  19   2              } while (--i);
  20   1      }
  21          
  22          
  23          void LCD_WriteCommand(unsigned char Command)
  24          {
  25   1              LCD_RS=0;
  26   1              LCD_RW=0;
  27   1              LCD_DataPort=Command;
  28   1              LCD_EN=1;
  29   1              LCD_Delay();
  30   1              LCD_EN=0;
  31   1              LCD_Delay();
  32   1      }
  33          
  34          
  35          void LCD_WriteData(unsigned char Data)
  36          {
  37   1              LCD_RS=1;
  38   1              LCD_RW=0;
  39   1              LCD_DataPort=Data;
  40   1              LCD_EN=1;
  41   1              LCD_Delay();
  42   1              LCD_EN=0;
  43   1              LCD_Delay();
  44   1      }
  45          
  46          
  47          void LCD_SetCursor(unsigned char Line,unsigned char Column)
  48          {
  49   1              if(Line==1)
  50   1              {
  51   2                      LCD_WriteCommand(0x80|(Column-1));
  52   2              }
  53   1              else if(Line==2)
  54   1              {
C51 COMPILER V9.60.0.0   LCD1602                                                           11/30/2022 11:23:58 PAGE 2   

  55   2                      LCD_WriteCommand(0x80|(Column-1+0x40));
  56   2              }
  57   1      }
  58          
  59          
  60            
  61          void LCD_Init()
  62          {
  63   1              LCD_WriteCommand(0x38);//八位数据接口，两行显示，5*7点阵
  64   1              LCD_WriteCommand(0x0c);//显示开，光标关，闪烁关
  65   1              LCD_WriteCommand(0x06);//数据读写操作后，光标自动加一，画面不动
  66   1              LCD_WriteCommand(0x01);//光标复位，清屏
  67   1      }
  68          
  69          
  70          void LCD_ShowChar(unsigned char Line,unsigned char Column,char Char)
  71          {
  72   1              LCD_SetCursor(Line,Column);
  73   1              LCD_WriteData(Char);
  74   1      }
  75          
  76          
  77          void LCD_ShowString(unsigned char Line,unsigned char Column,char *String)
  78          {
  79   1              unsigned char i;
  80   1              LCD_SetCursor(Line,Column);
  81   1              for(i=0;String[i]!='\0';i++)
  82   1              {
  83   2                      LCD_WriteData(String[i]);
  84   2              }
  85   1      }
  86          


MODULE INFORMATION:   STATIC OVERLAYABLE
   CODE SIZE        =    130    ----
   CONSTANT SIZE    =   ----    ----
   XDATA SIZE       =   ----    ----
   PDATA SIZE       =   ----    ----
   DATA SIZE        =   ----       3
   IDATA SIZE       =   ----    ----
   BIT SIZE         =   ----    ----
END OF MODULE INFORMATION.


C51 COMPILATION COMPLETE.  0 WARNING(S),  0 ERROR(S)
